\BOOKMARK [0][]{Item.5}{Preface}{}% 1
\BOOKMARK [-1][]{part.1}{Introduction}{}% 2
\BOOKMARK [0][]{chapter.1}{Language\040Systems\040and\040Language\040Strategies}{part.1}% 3
\BOOKMARK [1][-]{section.1.1}{Language\040strategies\040for\040colour}{chapter.1}% 4
\BOOKMARK [2][-]{subsection.1.1.1}{Basic\040colour\040strategy}{section.1.1}% 5
\BOOKMARK [2][-]{subsection.1.1.2}{Graded\040membership\040strategy}{section.1.1}% 6
\BOOKMARK [2][-]{subsection.1.1.3}{Compounding\040strategy}{section.1.1}% 7
\BOOKMARK [2][-]{subsection.1.1.4}{Basic\040modification\040strategy}{section.1.1}% 8
\BOOKMARK [2][-]{subsection.1.1.5}{Other\040strategies}{section.1.1}% 9
\BOOKMARK [1][-]{section.1.2}{Modelling\040a\040language\040strategy}{chapter.1}% 10
\BOOKMARK [2][-]{subsection.1.2.1}{Modelling\040linguistic\040interaction}{section.1.2}% 11
\BOOKMARK [3][-]{subsubsection.1.2.1.1}{Language\040games\040for\040colour}{subsection.1.2.1}% 12
\BOOKMARK [3][-]{subsubsection.1.2.1.2}{Background\040assumptions}{subsection.1.2.1}% 13
\BOOKMARK [1][-]{section.1.3}{Self-organisation\040of\040language\040systems}{chapter.1}% 14
\BOOKMARK [1][-]{section.1.4}{Modelling\040the\040self-organisation\040of\040language\040systems}{chapter.1}% 15
\BOOKMARK [1][-]{section.1.5}{Evolution\040of\040language\040strategies}{chapter.1}% 16
\BOOKMARK [1][-]{section.1.6}{Modelling\040evolution\040of\040language\040strategies}{chapter.1}% 17
\BOOKMARK [1][-]{section.1.7}{Structure\040of\040this\040book}{chapter.1}% 18
\BOOKMARK [0][]{chapter.2}{Formalisms\040for\040Language\040Systems\040and\040Language\040Strategies}{part.1}% 19
\BOOKMARK [1][-]{section.2.1}{Embodied\040Cognitive\040Semantics\040using\040IRL}{chapter.2}% 20
\BOOKMARK [2][-]{subsection.2.1.1}{Theoretical\040foundations}{section.2.1}% 21
\BOOKMARK [2][-]{subsection.2.1.2}{Semantic\040constraint\040network}{section.2.1}% 22
\BOOKMARK [2][-]{subsection.2.1.3}{Evaluation}{section.2.1}% 23
\BOOKMARK [2][-]{subsection.2.1.4}{Conceptualisation}{section.2.1}% 24
\BOOKMARK [2][-]{subsection.2.1.5}{Implementation\040of\040a\040primitive}{section.2.1}% 25
\BOOKMARK [3][-]{subsubsection.2.1.5.1}{2.1.5.1\040Semantic\040Primitive\040Filter-Set-Prototype}{subsection.2.1.5}% 26
\BOOKMARK [1][-]{section.2.2}{Construction\040Grammar\040using\040FCG}{chapter.2}% 27
\BOOKMARK [2][-]{subsection.2.2.1}{Theoretical\040foundations}{section.2.2}% 28
\BOOKMARK [2][-]{subsection.2.2.2}{Language\040processing}{section.2.2}% 29
\BOOKMARK [2][-]{subsection.2.2.3}{Coupled\040feature\040structures}{section.2.2}% 30
\BOOKMARK [2][-]{subsection.2.2.4}{Application\040of\040a\040construction}{section.2.2}% 31
\BOOKMARK [2][-]{subsection.2.2.5}{Structure\040building}{section.2.2}% 32
\BOOKMARK [2][-]{subsection.2.2.6}{Linking\040through\040variable\040equalities}{section.2.2}% 33
\BOOKMARK [2][-]{subsection.2.2.7}{Application\040of\040an\040example\040construction}{section.2.2}% 34
\BOOKMARK [-1][]{part.2}{Language\040Strategies\040for\040Colour}{}% 35
\BOOKMARK [0][]{chapter.3}{Basic\040Colour\040Strategy}{part.2}% 36
\BOOKMARK [1][-]{section.3.1}{Related\040research}{chapter.3}% 37
\BOOKMARK [2][-]{subsection.3.1.1}{Colour\040categories}{section.3.1}% 38
\BOOKMARK [2][-]{subsection.3.1.2}{Models}{section.3.1}% 39
\BOOKMARK [1][-]{section.3.2}{Semantic\040template}{chapter.3}% 40
\BOOKMARK [2][-]{subsection.3.2.1}{Profiling}{section.3.2}% 41
\BOOKMARK [2][-]{subsection.3.2.2}{Categorisation\040based\040on\040colour}{section.3.2}% 42
\BOOKMARK [2][-]{subsection.3.2.3}{Selection\040based\040on\040activation}{section.3.2}% 43
\BOOKMARK [2][-]{subsection.3.2.4}{Semantic\040constraint\040network}{section.3.2}% 44
\BOOKMARK [2][-]{subsection.3.2.5}{Semantic\040primitives}{section.3.2}% 45
\BOOKMARK [3][-]{subsubsection.3.2.5.1}{3.2.5.1\040Semantic\040Primitive\040Equal-to-Context}{subsection.3.2.5}% 46
\BOOKMARK [3][-]{subsubsection.3.2.5.2}{3.2.5.2\040Semantic\040Primitive\040Profile-Colour-Dimensions}{subsection.3.2.5}% 47
\BOOKMARK [3][-]{subsubsection.3.2.5.3}{3.2.5.3\040Semantic\040Primitive\040Filter-by-Colour-Lenient}{subsection.3.2.5}% 48
\BOOKMARK [3][-]{subsubsection.3.2.5.4}{3.2.5.4\040Semantic\040Primitive\040Select-Most-Activated}{subsection.3.2.5}% 49
\BOOKMARK [1][-]{section.3.3}{Syntactic\040templates}{chapter.3}% 50
\BOOKMARK [2][-]{subsection.3.3.1}{Syntactic\040template\0401.1:\040Semantic\040entities}{section.3.3}% 51
\BOOKMARK [2][-]{subsection.3.3.2}{Syntactic\040template\0401.2:\040Functional\040primitives}{section.3.3}% 52
\BOOKMARK [2][-]{subsection.3.3.3}{Syntactic\040template\0401.3:\040Contextual\040primitives}{section.3.3}% 53
\BOOKMARK [1][-]{section.3.4}{Baseline\040experiment}{chapter.3}% 54
\BOOKMARK [2][-]{subsection.3.4.1}{Measures}{section.3.4}% 55
\BOOKMARK [2][-]{subsection.3.4.2}{Results}{section.3.4}% 56
\BOOKMARK [1][-]{section.3.5}{Conclusion}{chapter.3}% 57
\BOOKMARK [0][]{chapter.4}{Graded\040Membership\040Strategy}{part.2}% 58
\BOOKMARK [1][-]{section.4.1}{Related\040research}{chapter.4}% 59
\BOOKMARK [1][-]{section.4.2}{Semantic\040template}{chapter.4}% 60
\BOOKMARK [2][-]{subsection.4.2.1}{Profiling\040and\040categorisation\040based\040on\040colour}{section.4.2}% 61
\BOOKMARK [2][-]{subsection.4.2.2}{Categorisation\040based\040on\040membership}{section.4.2}% 62
\BOOKMARK [2][-]{subsection.4.2.3}{Selection\040based\040on\040activation}{section.4.2}% 63
\BOOKMARK [2][-]{subsection.4.2.4}{Semantic\040constraint\040network}{section.4.2}% 64
\BOOKMARK [2][-]{subsection.4.2.5}{Semantic\040primitives}{section.4.2}% 65
\BOOKMARK [3][-]{subsubsection.4.2.5.1}{4.2.5.1\040Semantic\040Primitive\040Filter-by-Colour}{subsection.4.2.5}% 66
\BOOKMARK [3][-]{subsubsection.4.2.5.2}{4.2.5.2\040Semantic\040Primitive\040Filter-by-Membership}{subsection.4.2.5}% 67
\BOOKMARK [2][-]{subsection.4.2.6}{Alternative\040approaches\040to\040semantics}{section.4.2}% 68
\BOOKMARK [1][-]{section.4.3}{Syntactic\040templates}{chapter.4}% 69
\BOOKMARK [2][-]{subsection.4.3.1}{Syntactic\040template\0401.1:\040Semantic\040entities}{section.4.3}% 70
\BOOKMARK [2][-]{subsection.4.3.2}{Syntactic\040template\0401.2:\040Functional\040primitives}{section.4.3}% 71
\BOOKMARK [2][-]{subsection.4.3.3}{Syntactic\040template\0402.1:\040Re-use\040of\040constructions}{section.4.3}% 72
\BOOKMARK [1][-]{section.4.4}{Baseline\040experiment}{chapter.4}% 73
\BOOKMARK [2][-]{subsection.4.4.1}{Results}{section.4.4}% 74
\BOOKMARK [1][-]{section.4.5}{Conclusion}{chapter.4}% 75
\BOOKMARK [0][]{chapter.5}{Category\040Combination\040Strategy}{part.2}% 76
\BOOKMARK [1][-]{section.5.1}{Related\040research}{chapter.5}% 77
\BOOKMARK [2][-]{subsection.5.1.1}{Models}{section.5.1}% 78
\BOOKMARK [1][-]{section.5.2}{Semantic\040template}{chapter.5}% 79
\BOOKMARK [2][-]{subsection.5.2.1}{Profiling\040and\040first\040categorisation\040based\040on\040colour}{section.5.2}% 80
\BOOKMARK [2][-]{subsection.5.2.2}{Transformation\040of\040the\040set\040of\040colour\040categories}{section.5.2}% 81
\BOOKMARK [2][-]{subsection.5.2.3}{Second\040categorisation\040based\040on\040colour}{section.5.2}% 82
\BOOKMARK [2][-]{subsection.5.2.4}{Optional\040categorisation\040based\040on\040membership}{section.5.2}% 83
\BOOKMARK [2][-]{subsection.5.2.5}{Selection\040based\040on\040activation}{section.5.2}% 84
\BOOKMARK [2][-]{subsection.5.2.6}{Semantic\040constraint\040network}{section.5.2}% 85
\BOOKMARK [2][-]{subsection.5.2.7}{Semantic\040primitives}{section.5.2}% 86
\BOOKMARK [3][-]{subsubsection.5.2.7.1}{5.2.7.1\040Semantic\040Primitive\040Get-Basic-Colour-Category-Set}{subsection.5.2.7}% 87
\BOOKMARK [3][-]{subsubsection.5.2.7.2}{5.2.7.2\040Semantic\040Primitive\040Filter-by-Colour}{subsection.5.2.7}% 88
\BOOKMARK [3][-]{subsubsection.5.2.7.3}{5.2.7.3\040Semantic\040Primitive\040Draw-Category-Set-to-Category}{subsection.5.2.7}% 89
\BOOKMARK [2][-]{subsection.5.2.8}{Alternative\040approaches\040to\040semantics}{section.5.2}% 90
\BOOKMARK [1][-]{section.5.3}{Syntactic\040templates}{chapter.5}% 91
\BOOKMARK [2][-]{subsection.5.3.1}{Syntactic\040template\0401.1:\040Semantic\040entities}{section.5.3}% 92
\BOOKMARK [2][-]{subsection.5.3.2}{Syntactic\040template\0401.2:\040Functional\040primitives}{section.5.3}% 93
\BOOKMARK [2][-]{subsection.5.3.3}{Syntactic\040template\0401.3:\040Contextual\040primitives}{section.5.3}% 94
\BOOKMARK [2][-]{subsection.5.3.4}{Syntactic\040template\0402.2:\040Re-use\040of\040constructions}{section.5.3}% 95
\BOOKMARK [1][-]{section.5.4}{Baseline\040experiment}{chapter.5}% 96
\BOOKMARK [2][-]{subsection.5.4.1}{Results}{section.5.4}% 97
\BOOKMARK [1][-]{section.5.5}{Conclusion}{chapter.5}% 98
\BOOKMARK [0][]{chapter.6}{Basic\040Modification\040Strategy}{part.2}% 99
\BOOKMARK [1][-]{section.6.1}{Related\040research}{chapter.6}% 100
\BOOKMARK [1][-]{section.6.2}{Semantic\040template}{chapter.6}% 101
\BOOKMARK [2][-]{subsection.6.2.1}{Profiling\040and\040first\040categorisation\040based\040on\040colour}{section.6.2}% 102
\BOOKMARK [2][-]{subsection.6.2.2}{Transformation\040of\040set\040of\040modifying\040categories}{section.6.2}% 103
\BOOKMARK [2][-]{subsection.6.2.3}{Second\040categorisation\040based\040on\040modifiers}{section.6.2}% 104
\BOOKMARK [2][-]{subsection.6.2.4}{Optional\040categorisation\040based\040on\040membership}{section.6.2}% 105
\BOOKMARK [2][-]{subsection.6.2.5}{Selection\040based\040on\040activation}{section.6.2}% 106
\BOOKMARK [2][-]{subsection.6.2.6}{Semantic\040constraint\040network}{section.6.2}% 107
\BOOKMARK [2][-]{subsection.6.2.7}{Semantic\040primitives}{section.6.2}% 108
\BOOKMARK [3][-]{subsubsection.6.2.7.1}{6.2.7.1\040Semantic\040Primitive\040Get-Lightness-Colour-Category-Set}{subsection.6.2.7}% 109
\BOOKMARK [3][-]{subsubsection.6.2.7.2}{6.2.7.2\040Semantic\040Primitive\040Scale-Category-Set-to-Category}{subsection.6.2.7}% 110
\BOOKMARK [1][-]{section.6.3}{Syntactic\040templates}{chapter.6}% 111
\BOOKMARK [2][-]{subsection.6.3.1}{Syntactic\040template\0402.2:\040Re-use\040of\040constructions}{section.6.3}% 112
\BOOKMARK [1][-]{section.6.4}{Baseline\040Experiment}{chapter.6}% 113
\BOOKMARK [2][-]{subsection.6.4.1}{Results}{section.6.4}% 114
\BOOKMARK [1][-]{section.6.5}{Conclusion}{chapter.6}% 115
\BOOKMARK [-1][]{part.3}{Self-organisation\040of\040Language\040Systems}{}% 116
\BOOKMARK [0][]{chapter.7}{Basic\040Colour\040Strategy}{part.3}% 117
\BOOKMARK [1][-]{section.7.1}{Related\040models}{chapter.7}% 118
\BOOKMARK [1][-]{section.7.2}{Adoption\040and\040alignment\040operators}{chapter.7}% 119
\BOOKMARK [2][-]{subsection.7.2.1}{Acquisition\040experiment}{section.7.2}% 120
\BOOKMARK [2][-]{subsection.7.2.2}{Measures}{section.7.2}% 121
\BOOKMARK [3][-]{subsubsection.7.2.2.1}{Number\040of\040categories}{subsection.7.2.2}% 122
\BOOKMARK [3][-]{subsubsection.7.2.2.2}{Interpretation\040variance}{subsection.7.2.2}% 123
\BOOKMARK [2][-]{subsection.7.2.3}{Results}{section.7.2}% 124
\BOOKMARK [1][-]{section.7.3}{Invention\040operator}{chapter.7}% 125
\BOOKMARK [2][-]{subsection.7.3.1}{Formation\040experiment}{section.7.3}% 126
\BOOKMARK [2][-]{subsection.7.3.2}{Results}{section.7.3}% 127
\BOOKMARK [3][-]{subsubsection.7.3.2.1}{Brightness\040and\040hue\040strategy}{subsection.7.3.2}% 128
\BOOKMARK [3][-]{subsubsection.7.3.2.2}{Brightness\040strategy}{subsection.7.3.2}% 129
\BOOKMARK [1][-]{section.7.4}{Conclusion}{chapter.7}% 130
\BOOKMARK [0][]{chapter.8}{Graded\040Membership\040Strategy}{part.3}% 131
\BOOKMARK [1][-]{section.8.1}{Adoption\040and\040alignment\040operators}{chapter.8}% 132
\BOOKMARK [2][-]{subsection.8.1.1}{Acquisition\040experiment}{section.8.1}% 133
\BOOKMARK [2][-]{subsection.8.1.2}{Measures}{section.8.1}% 134
\BOOKMARK [3][-]{subsubsection.8.1.2.1}{Membership\040category\040variance}{subsection.8.1.2}% 135
\BOOKMARK [2][-]{subsection.8.1.3}{Results}{section.8.1}% 136
\BOOKMARK [1][-]{section.8.2}{Invention\040operator}{chapter.8}% 137
\BOOKMARK [2][-]{subsection.8.2.1}{Formation\040experiment}{section.8.2}% 138
\BOOKMARK [2][-]{subsection.8.2.2}{Measures}{section.8.2}% 139
\BOOKMARK [3][-]{subsubsection.8.2.2.1}{Number\040of\040membership\040categories}{subsection.8.2.2}% 140
\BOOKMARK [2][-]{subsection.8.2.3}{Results}{section.8.2}% 141
\BOOKMARK [1][-]{section.8.3}{Conclusion}{chapter.8}% 142
\BOOKMARK [0][]{chapter.9}{Further\040Experiments\040on\040Basic\040Colour\040Systems}{part.3}% 143
\BOOKMARK [1][-]{section.9.1}{Impact\040of\040environment\040on\040similarity\040to\040natural\040systems}{chapter.9}% 144
\BOOKMARK [2][-]{subsection.9.1.1}{Data\040sets}{section.9.1}% 145
\BOOKMARK [2][-]{subsection.9.1.2}{Extracting\040colour\040categories}{section.9.1}% 146
\BOOKMARK [2][-]{subsection.9.1.3}{Comparison\040to\040human\040colour\040categories}{section.9.1}% 147
\BOOKMARK [2][-]{subsection.9.1.4}{Conclusion}{section.9.1}% 148
\BOOKMARK [1][-]{section.9.2}{Impact\040of\040language\040on\040universal\040trends}{chapter.9}% 149
\BOOKMARK [2][-]{subsection.9.2.1}{Discrimination\040game}{section.9.2}% 150
\BOOKMARK [2][-]{subsection.9.2.2}{Alignment\040within\040one\040population}{section.9.2}% 151
\BOOKMARK [2][-]{subsection.9.2.3}{Alignment\040over\040different\040populations}{section.9.2}% 152
\BOOKMARK [2][-]{subsection.9.2.4}{Conclusion}{section.9.2}% 153
\BOOKMARK [1][-]{section.9.3}{Impact\040of\040embodiment\040on\040performance\040of\040operators}{chapter.9}% 154
\BOOKMARK [2][-]{subsection.9.3.1}{Robotic\040setup\040and\040visual\040perception}{section.9.3}% 155
\BOOKMARK [2][-]{subsection.9.3.2}{Perceptual\040deviation\040and\040structure\040in\040embodied\040data}{section.9.3}% 156
\BOOKMARK [2][-]{subsection.9.3.3}{Discerning\040the\040impact\040of\040embodiment}{section.9.3}% 157
\BOOKMARK [2][-]{subsection.9.3.4}{Resulting\040dynamics}{section.9.3}% 158
\BOOKMARK [2][-]{subsection.9.3.5}{Comparison\040to\040human\040categories}{section.9.3}% 159
\BOOKMARK [2][-]{subsection.9.3.6}{Conclusion}{section.9.3}% 160
\BOOKMARK [1][-]{section.9.4}{General\040conclusion}{chapter.9}% 161
\BOOKMARK [-1][]{part.4}{Evolution\040and\040Origins\040of\040Language\040Strategies}{}% 162
\BOOKMARK [0][]{chapter.10}{Linguistic\040Selection\040of\040Language\040Strategies}{part.4}% 163
\BOOKMARK [1][-]{section.10.1}{Language\040strategies}{chapter.10}% 164
\BOOKMARK [1][-]{section.10.2}{Strategy\040selection}{chapter.10}% 165
\BOOKMARK [2][-]{subsection.10.2.1}{Implementation\040of\040language\040strategies}{section.10.2}% 166
\BOOKMARK [1][-]{section.10.3}{Experiment\040on\040linguistic\040selection}{chapter.10}% 167
\BOOKMARK [2][-]{subsection.10.3.1}{Measures}{section.10.3}% 168
\BOOKMARK [2][-]{subsection.10.3.2}{Results}{section.10.3}% 169
\BOOKMARK [1][-]{section.10.4}{Selective\040advantage}{chapter.10}% 170
\BOOKMARK [2][-]{subsection.10.4.1}{Experiment}{section.10.4}% 171
\BOOKMARK [1][-]{section.10.5}{Conclusion}{chapter.10}% 172
\BOOKMARK [0][]{chapter.11}{Origins\040of\040Language\040Strategies}{part.4}% 173
\BOOKMARK [1][-]{section.11.1}{Generation\040of\040semantic\040templates}{chapter.11}% 174
\BOOKMARK [1][-]{section.11.2}{Repair\040strategies}{chapter.11}% 175
\BOOKMARK [2][-]{subsection.11.2.1}{Construction\040of\040a\040syntactic\040category\040system}{section.11.2}% 176
\BOOKMARK [2][-]{subsection.11.2.2}{Implementaton\040of\040repair\040strategies}{section.11.2}% 177
\BOOKMARK [2][-]{subsection.11.2.3}{Repair\040strategy\0401.2:\040Functional\040primitives}{section.11.2}% 178
\BOOKMARK [2][-]{subsection.11.2.4}{Repair\040strategy\0401.3:\040Contextual\040primitives}{section.11.2}% 179
\BOOKMARK [2][-]{subsection.11.2.5}{Re-use\040of\040syntactic\040categories}{section.11.2}% 180
\BOOKMARK [2][-]{subsection.11.2.6}{Repair\040strategy\0402.1:\040Re-use\040of\040constructions}{section.11.2}% 181
\BOOKMARK [2][-]{subsection.11.2.7}{Experimental\040results}{section.11.2}% 182
\BOOKMARK [1][-]{section.11.3}{Conclusion}{chapter.11}% 183
\BOOKMARK [-1][]{part.5}{Conclusion}{}% 184
\BOOKMARK [0][]{chapter.12}{Discussion\040and\040Conclusion}{part.5}% 185
\BOOKMARK [1][-]{section.12.1}{Contributions}{chapter.12}% 186
\BOOKMARK [2][-]{subsection.12.1.1}{Identification\040of\040language\040strategies}{section.12.1}% 187
\BOOKMARK [2][-]{subsection.12.1.2}{Operationalisation\040of\040language\040strategies}{section.12.1}% 188
\BOOKMARK [2][-]{subsection.12.1.3}{Self-organisation\040of\040language\040systems}{section.12.1}% 189
\BOOKMARK [2][-]{subsection.12.1.4}{Evolution\040of\040language\040strategies}{section.12.1}% 190
\BOOKMARK [2][-]{subsection.12.1.5}{Compositional\040semantics\040and\040language}{section.12.1}% 191
\BOOKMARK [1][-]{section.12.2}{Discussion}{chapter.12}% 192
\BOOKMARK [2][-]{subsection.12.2.1}{Tractability}{section.12.2}% 193
\BOOKMARK [2][-]{subsection.12.2.2}{Compositionality}{section.12.2}% 194
\BOOKMARK [2][-]{subsection.12.2.3}{Flexiblity}{section.12.2}% 195
\BOOKMARK [2][-]{subsection.12.2.4}{Generality}{section.12.2}% 196
\BOOKMARK [2][-]{subsection.12.2.5}{Related\040models\040and\040approaches}{section.12.2}% 197
\BOOKMARK [1][-]{section.12.3}{Possible\040applications}{chapter.12}% 198
\BOOKMARK [1][-]{section.12.4}{Future\040work}{chapter.12}% 199
\BOOKMARK [0][]{appendix.A}{Colour\040Spaces\040and\040Systems}{part.5}% 200
\BOOKMARK [1][-]{section.A.1}{CIE\0401931\040XYZ\040colour\040space}{appendix.A}% 201
\BOOKMARK [2][-]{subsection.A.1.1}{Illuminants\040and\040chromatic\040adaptation}{section.A.1}% 202
\BOOKMARK [2][-]{subsection.A.1.2}{Chromaticity\040diagrams\040and\040CIE\040xyY\040colour\040space}{section.A.1}% 203
\BOOKMARK [1][-]{section.A.2}{CIE\0401976\040L*a*b*}{appendix.A}% 204
\BOOKMARK [2][-]{subsection.A.2.1}{Conversion}{section.A.2}% 205
\BOOKMARK [1][-]{section.A.3}{CIE\0401976\040L*u*v*}{appendix.A}% 206
\BOOKMARK [2][-]{subsection.A.3.1}{Conversion}{section.A.3}% 207
\BOOKMARK [1][-]{section.A.4}{Munsell\040colour\040system}{appendix.A}% 208
\BOOKMARK [2][-]{subsection.A.4.1}{Development}{section.A.4}% 209
\BOOKMARK [2][-]{subsection.A.4.2}{Conversion}{section.A.4}% 210
\BOOKMARK [1][-]{section.A.5}{Natural\040Color\040System}{appendix.A}% 211
\BOOKMARK [1][-]{section.A.6}{RGB}{appendix.A}% 212
\BOOKMARK [1][-]{section.A.7}{YCbCr}{appendix.A}% 213
\BOOKMARK [0][]{appendix*.26}{Bibliography}{part.5}% 214
